{
  "stats": {
    "suites": 1,
    "tests": 1,
    "passes": 0,
    "pending": 0,
    "failures": 1,
    "start": "2023-10-19T09:57:54.689Z",
    "end": "2023-10-19T09:58:38.968Z",
    "duration": 44279,
    "testsRegistered": 1,
    "passPercent": 0,
    "pendingPercent": 0,
    "other": 0,
    "hasOther": false,
    "skipped": 0,
    "hasSkipped": false
  },
  "results": [
    {
      "uuid": "d11565b7-f1e9-4f87-b475-10ea175796bf",
      "title": "",
      "fullFile": "cypress\\e2e\\smoketests\\demo.qa.cy.js",
      "file": "cypress\\e2e\\smoketests\\demo.qa.cy.js",
      "beforeHooks": [],
      "afterHooks": [],
      "tests": [],
      "suites": [
        {
          "uuid": "d6d3ed47-2395-48d2-864d-c4e3ef8458ba",
          "title": "verify the functionality textbox for demo.qa",
          "fullFile": "",
          "file": "",
          "beforeHooks": [],
          "afterHooks": [],
          "tests": [
            {
              "title": "verify the full name and email and current address and perenmentaddress ",
              "fullTitle": "verify the functionality textbox for demo.qa verify the full name and email and current address and perenmentaddress ",
              "timedOut": null,
              "duration": 4093,
              "state": "failed",
              "speed": null,
              "pass": false,
              "fail": true,
              "pending": false,
              "context": "[\n  {\n    \"title\": \"cypress-mochawesome-reporter-videos-failed\",\n    \"value\": \"cypress\\\\e2e\\\\smoketests\\\\demo.qa.cy.js\"\n  },\n  {\n    \"title\": \"cypress-mochawesome-reporter-screenshots\",\n    \"value\": [\n      [\n        \"\\\\smoketests\\\\demo.qa.cy.js\\\\verify the functionality textbox for demo.qa -- verify the full name and email and current address and perenmentaddress (failed).png\"\n      ],\n      [\n        \"\\\\smoketests\\\\demo.qa.cy.js\\\\verify the functionality textbox for demo.qa -- verify the full name and email and current address and perenmentaddress (failed) (attempt 2).png\"\n      ]\n    ]\n  }\n]",
              "code": "cy.visit('https://demoqa.com/text-box');\ncy.get('input[placeholder=\"Full Name\"]').type(\"naveen\");\ncy.get('input[type=\"email\"]').type(\"dnaven123@gmail.com\");\ncy.get(' textarea[placeholder=\"Current Address\"]').type(\"8th main nagasandra \");\ncy.get('textarea[id=\"permanentAddress\"]').type(\"4thmain bagalagunte\");\ncy.get('button[id=\"submit\"]').click();",
              "err": {
                "message": "Error: The following error originated from your application code, not from Cypress.\n\n  > Script error.\n\nCypress detected that an uncaught error was thrown from a cross origin script.\n\nWe cannot provide you the stack trace, line number, or file where this error occurred.\n\nCheck your Developer Tools Console for the actual error - it should be printed there.\n\nIt's possible to enable debugging these scripts by adding the `crossorigin` attribute and setting a CORS header.\n\nWhen Cypress detects uncaught errors originating from your application it will automatically fail the current test.\n\nThis behavior is configurable, and you can choose to turn this off by listening to the `uncaught:exception` event.\n\nhttps://on.cypress.io/uncaught-exception-from-application\n\nhttps://on.cypress.io/cross-origin-script-error",
                "estack": "Error: The following error originated from your application code, not from Cypress.\n\n  > Script error.\n\nCypress detected that an uncaught error was thrown from a cross origin script.\n\nWe cannot provide you the stack trace, line number, or file where this error occurred.\n\nCheck your Developer Tools Console for the actual error - it should be printed there.\n\nIt's possible to enable debugging these scripts by adding the `crossorigin` attribute and setting a CORS header.\n\nWhen Cypress detects uncaught errors originating from your application it will automatically fail the current test.\n\nThis behavior is configurable, and you can choose to turn this off by listening to the `uncaught:exception` event.\n\nhttps://on.cypress.io/uncaught-exception-from-application\n\nhttps://on.cypress.io/cross-origin-script-error",
                "diff": null
              },
              "uuid": "a5611238-7c73-4185-812f-a3c3647706f8",
              "parentUUID": "d6d3ed47-2395-48d2-864d-c4e3ef8458ba",
              "isHook": false,
              "skipped": false
            }
          ],
          "suites": [],
          "passes": [],
          "failures": [
            "a5611238-7c73-4185-812f-a3c3647706f8"
          ],
          "pending": [],
          "skipped": [],
          "duration": 4093,
          "root": false,
          "rootEmpty": false,
          "_timeout": 2000
        }
      ],
      "passes": [],
      "failures": [],
      "pending": [],
      "skipped": [],
      "duration": 0,
      "root": true,
      "rootEmpty": true,
      "_timeout": 2000
    }
  ],
  "meta": {
    "mocha": {
      "version": "7.0.1"
    },
    "mochawesome": {
      "options": {
        "quiet": false,
        "reportFilename": "mochawesome",
        "saveHtml": false,
        "saveJson": true,
        "consoleReporter": "spec",
        "useInlineDiffs": false,
        "code": true
      },
      "version": "7.1.3"
    },
    "marge": {
      "options": {
        "overwrite": false,
        "html": false,
        "json": true,
        "reportDir": "cypress\\reports\\html\\.jsons"
      },
      "version": "6.2.0"
    }
  }
}