{
  "stats": {
    "suites": 1,
    "tests": 4,
    "passes": 4,
    "pending": 0,
    "failures": 0,
    "start": "2023-10-19T09:58:46.422Z",
    "end": "2023-10-19T09:59:05.226Z",
    "duration": 18804,
    "testsRegistered": 4,
    "passPercent": 100,
    "pendingPercent": 0,
    "other": 0,
    "hasOther": false,
    "skipped": 0,
    "hasSkipped": false
  },
  "results": [
    {
      "uuid": "6da0475b-fdd0-43ad-8e29-18aea9909e7d",
      "title": "",
      "fullFile": "cypress\\e2e\\smoketests\\login.cy.js",
      "file": "cypress\\e2e\\smoketests\\login.cy.js",
      "beforeHooks": [],
      "afterHooks": [],
      "tests": [],
      "suites": [
        {
          "uuid": "620a750d-b0be-408d-a913-d18f359b4cfe",
          "title": "verify login functionality",
          "fullFile": "",
          "file": "",
          "beforeHooks": [],
          "afterHooks": [],
          "tests": [
            {
              "title": "verify login with valid username and valid password",
              "fullTitle": "verify login functionality verify login with valid username and valid password",
              "timedOut": null,
              "duration": 7910,
              "state": "passed",
              "speed": "medium",
              "pass": true,
              "fail": false,
              "pending": false,
              "context": "{\n  \"title\": \"cypress-mochawesome-reporter-videos-passed\",\n  \"value\": \"cypress\\\\e2e\\\\smoketests\\\\login.cy.js\"\n}",
              "code": "cy.visit('https://opensource-demo.orangehrmlive.com/web/index.php/auth/login');\ncy.get('input[placeholder=\"Username\"]').type(\"Admin\");\ncy.get('input[ name=\"password\"]').type(\"admin123\");\ncy.get('button[type=\"submit\"]').click();\n//Asertions\ncy.url().should(\"eq\", \"https://opensource-demo.orangehrmlive.com/web/index.php/dashboard/index\");\ncy.contains('Dashboard').should(\"be.visible\");",
              "err": {},
              "uuid": "ebade326-9673-4c91-ab68-c766e60875f3",
              "parentUUID": "620a750d-b0be-408d-a913-d18f359b4cfe",
              "isHook": false,
              "skipped": false
            },
            {
              "title": "verify login with invalid username and valid password",
              "fullTitle": "verify login functionality verify login with invalid username and valid password",
              "timedOut": null,
              "duration": 3610,
              "state": "passed",
              "speed": "fast",
              "pass": true,
              "fail": false,
              "pending": false,
              "context": "{\n  \"title\": \"cypress-mochawesome-reporter-videos-passed\",\n  \"value\": \"cypress\\\\e2e\\\\smoketests\\\\login.cy.js\"\n}",
              "code": "cy.visit('https://opensource-demo.orangehrmlive.com/web/index.php/auth/login');\ncy.get('input[placeholder=\"Username\"]').type(\"Adminassaa\");\ncy.get('input[ name=\"password\"]').type(\"admin123\");\ncy.get('button[type=\"submit\"]').click();\ncy.contains('Invalid credentials').should(\"be.visible\");",
              "err": {},
              "uuid": "a876c275-4de6-4893-ae97-3f41f9f95844",
              "parentUUID": "620a750d-b0be-408d-a913-d18f359b4cfe",
              "isHook": false,
              "skipped": false
            },
            {
              "title": "verify login with valid username and invalid password",
              "fullTitle": "verify login functionality verify login with valid username and invalid password",
              "timedOut": null,
              "duration": 3534,
              "state": "passed",
              "speed": "fast",
              "pass": true,
              "fail": false,
              "pending": false,
              "context": "{\n  \"title\": \"cypress-mochawesome-reporter-videos-passed\",\n  \"value\": \"cypress\\\\e2e\\\\smoketests\\\\login.cy.js\"\n}",
              "code": "cy.visit('https://opensource-demo.orangehrmlive.com/web/index.php/auth/login');\ncy.get('input[placeholder=\"Username\"]').type(\"Admin\");\ncy.get('input[ name=\"password\"]').type(\"xcdsadadmin123\");\ncy.get('button[type=\"submit\"]').click();\ncy.contains('Invalid credentials').should(\"be.visible\");",
              "err": {},
              "uuid": "bda180b5-751e-486f-b75e-2daeb85d703b",
              "parentUUID": "620a750d-b0be-408d-a913-d18f359b4cfe",
              "isHook": false,
              "skipped": false
            },
            {
              "title": "verify login with invalid username and invalid password",
              "fullTitle": "verify login functionality verify login with invalid username and invalid password",
              "timedOut": null,
              "duration": 3378,
              "state": "passed",
              "speed": "fast",
              "pass": true,
              "fail": false,
              "pending": false,
              "context": "{\n  \"title\": \"cypress-mochawesome-reporter-videos-passed\",\n  \"value\": \"cypress\\\\e2e\\\\smoketests\\\\login.cy.js\"\n}",
              "code": "cy.visit('https://opensource-demo.orangehrmlive.com/web/index.php/auth/login');\ncy.get('input[placeholder=\"Username\"]').type(\"xssaAdmin\");\ncy.get('input[ name=\"password\"]').type(\"adcsadsadmin123\");\ncy.get('button[type=\"submit\"]').click();\ncy.contains('Invalid credentials').should(\"be.visible\");",
              "err": {},
              "uuid": "66593867-63ec-4e76-aecb-f922b74b47bb",
              "parentUUID": "620a750d-b0be-408d-a913-d18f359b4cfe",
              "isHook": false,
              "skipped": false
            }
          ],
          "suites": [],
          "passes": [
            "ebade326-9673-4c91-ab68-c766e60875f3",
            "a876c275-4de6-4893-ae97-3f41f9f95844",
            "bda180b5-751e-486f-b75e-2daeb85d703b",
            "66593867-63ec-4e76-aecb-f922b74b47bb"
          ],
          "failures": [],
          "pending": [],
          "skipped": [],
          "duration": 18432,
          "root": false,
          "rootEmpty": false,
          "_timeout": 2000
        }
      ],
      "passes": [],
      "failures": [],
      "pending": [],
      "skipped": [],
      "duration": 0,
      "root": true,
      "rootEmpty": true,
      "_timeout": 2000
    }
  ],
  "meta": {
    "mocha": {
      "version": "7.0.1"
    },
    "mochawesome": {
      "options": {
        "quiet": false,
        "reportFilename": "mochawesome",
        "saveHtml": false,
        "saveJson": true,
        "consoleReporter": "spec",
        "useInlineDiffs": false,
        "code": true
      },
      "version": "7.1.3"
    },
    "marge": {
      "options": {
        "overwrite": false,
        "html": false,
        "json": true,
        "reportDir": "cypress\\reports\\html\\.jsons"
      },
      "version": "6.2.0"
    }
  }
}