{
  "stats": {
    "suites": 1,
    "tests": 1,
    "passes": 1,
    "pending": 0,
    "failures": 0,
    "start": "2023-10-19T09:57:28.848Z",
    "end": "2023-10-19T09:57:47.809Z",
    "duration": 18961,
    "testsRegistered": 1,
    "passPercent": 100,
    "pendingPercent": 0,
    "other": 0,
    "hasOther": false,
    "skipped": 0,
    "hasSkipped": false
  },
  "results": [
    {
      "uuid": "db1e1d4d-544f-44bd-9004-82d1812d7fb4",
      "title": "",
      "fullFile": "cypress\\e2e\\smoketests\\add employee.cy.js",
      "file": "cypress\\e2e\\smoketests\\add employee.cy.js",
      "beforeHooks": [],
      "afterHooks": [],
      "tests": [],
      "suites": [
        {
          "uuid": "abfe3e2e-1293-44ef-8943-946de1850af0",
          "title": "verify add employee functionality",
          "fullFile": "",
          "file": "",
          "beforeHooks": [],
          "afterHooks": [],
          "tests": [
            {
              "title": "verify mandotory details in add emplyee",
              "fullTitle": "verify add employee functionality verify mandotory details in add emplyee",
              "timedOut": null,
              "duration": 18857,
              "state": "passed",
              "speed": "slow",
              "pass": true,
              "fail": false,
              "pending": false,
              "context": "{\n  \"title\": \"cypress-mochawesome-reporter-videos-passed\",\n  \"value\": \"cypress\\\\e2e\\\\smoketests\\\\add employee.cy.js\"\n}",
              "code": "cy.visit('https://opensource-demo.orangehrmlive.com/web/index.php/auth/login');\ncy.get('input[placeholder=\"Username\"]').type(Cypress.env(\"username\"));\ncy.get('input[ name=\"password\"]').type(Cypress.env(\"password\"));\ncy.get('button[type=\"submit\"]').click();\n//Asertions\ncy.url().should(\"eq\", \"https://opensource-demo.orangehrmlive.com/web/index.php/dashboard/index\");\ncy.contains('Dashboard').should(\"be.visible\");\ncy.contains('PIM').click();\ncy.contains('Add Employee').click();\ncy.get('Button[type=\"submit\"]').click();\ncy.contains('Required').should(\"be.visible\");",
              "err": {},
              "uuid": "3cc28d71-946d-48ff-946b-633fdf16d809",
              "parentUUID": "abfe3e2e-1293-44ef-8943-946de1850af0",
              "isHook": false,
              "skipped": false
            }
          ],
          "suites": [],
          "passes": [
            "3cc28d71-946d-48ff-946b-633fdf16d809"
          ],
          "failures": [],
          "pending": [],
          "skipped": [],
          "duration": 18857,
          "root": false,
          "rootEmpty": false,
          "_timeout": 2000
        }
      ],
      "passes": [],
      "failures": [],
      "pending": [],
      "skipped": [],
      "duration": 0,
      "root": true,
      "rootEmpty": true,
      "_timeout": 2000
    }
  ],
  "meta": {
    "mocha": {
      "version": "7.0.1"
    },
    "mochawesome": {
      "options": {
        "quiet": false,
        "reportFilename": "mochawesome",
        "saveHtml": false,
        "saveJson": true,
        "consoleReporter": "spec",
        "useInlineDiffs": false,
        "code": true
      },
      "version": "7.1.3"
    },
    "marge": {
      "options": {
        "overwrite": false,
        "html": false,
        "json": true,
        "reportDir": "cypress\\reports\\html\\.jsons"
      },
      "version": "6.2.0"
    }
  }
}